<?xml version="1.0" encoding="UTF-8"?>
<testsuite name="re.forestier.edu.UnitTests" tests="8" skipped="0" failures="0" errors="0" timestamp="2025-09-26T13:25:57" hostname="a206pc14L.local.isima.fr" time="0.012">
  <properties/>
  <testcase name="Verify XP addition" classname="re.forestier.edu.UnitTests" time="0.003"/>
  <testcase name="Verify level (New level = Current level) after adding XP" classname="re.forestier.edu.UnitTests" time="0.001"/>
  <testcase name="Good Amount of money after adding and removing some" classname="re.forestier.edu.UnitTests" time="0.001"/>
  <testcase name="Verify end of turn update" classname="re.forestier.edu.UnitTests" time="0.003"/>
  <testcase name="Good Amount of money after adding and removing zero" classname="re.forestier.edu.UnitTests" time="0.0"/>
  <testcase name="Verify all player class" classname="re.forestier.edu.UnitTests" time="0.0"/>
  <testcase name="Impossible to have negative money" classname="re.forestier.edu.UnitTests" time="0.001"/>
  <testcase name="Sample test" classname="re.forestier.edu.UnitTests" time="0.001"/>
  <system-out><![CDATA[Le joueur est KO !
]]></system-out>
  <system-err><![CDATA[]]></system-err>
</testsuite>
