<?xml version="1.0" encoding="UTF-8"?>
<testsuite name="re.forestier.edu.UnitTests" tests="10" skipped="0" failures="0" errors="0" timestamp="2025-09-29T10:14:50" hostname="a206pc07L.local.isima.fr" time="0.017">
  <properties/>
  <testcase name="Verify XP addition" classname="re.forestier.edu.UnitTests" time="0.002"/>
  <testcase name="Verify level (New level = Current level) after adding XP" classname="re.forestier.edu.UnitTests" time="0.001"/>
  <testcase name="Good Amount of money after adding and removing some" classname="re.forestier.edu.UnitTests" time="0.001"/>
  <testcase name="Verify end of turn update" classname="re.forestier.edu.UnitTests" time="0.007"/>
  <testcase name="Good Amount of money after adding and removing zero" classname="re.forestier.edu.UnitTests" time="0.001"/>
  <testcase name="Verify level (New level &gt; Current level) after adding XP" classname="re.forestier.edu.UnitTests" time="0.001"/>
  <testcase name="Verify all player class" classname="re.forestier.edu.UnitTests" time="0.0"/>
  <testcase name="Impossible to have negative money" classname="re.forestier.edu.UnitTests" time="0.0"/>
  <testcase name="Sample test" classname="re.forestier.edu.UnitTests" time="0.0"/>
  <testcase name="Other class" classname="re.forestier.edu.UnitTests" time="0.001"/>
  <system-out><![CDATA[Le joueur est KO !
]]></system-out>
  <system-err><![CDATA[]]></system-err>
</testsuite>
